<?xml version="1.0" encoding="UTF-8"?>
<testng-results ignored="0" total="1" passed="1" failed="0" skipped="0">
  <reporter-output>
  </reporter-output>
  <suite started-at="2023-01-09T18:52:04 IST" name="Default suite" finished-at="2023-01-09T18:53:01 IST" duration-ms="56898">
    <groups>
    </groups>
    <test started-at="2023-01-09T18:52:04 IST" name="Default test" finished-at="2023-01-09T18:53:01 IST" duration-ms="56898">
      <class name="automate.test1">
        <test-method is-config="true" signature="SetUp()[pri:0, instance:automate.test1@37654521]" started-at="2023-01-09T18:52:04 IST" name="SetUp" finished-at="2023-01-09T18:52:06 IST" duration-ms="1404" status="PASS">
          <reporter-output>
          </reporter-output>
        </test-method> <!-- SetUp -->
        <test-method is-config="true" signature="url()[pri:0, instance:automate.test1@37654521]" started-at="2023-01-09T18:52:06 IST" name="url" finished-at="2023-01-09T18:52:07 IST" duration-ms="1558" status="PASS">
          <reporter-output>
          </reporter-output>
        </test-method> <!-- url -->
        <test-method signature="entertext()[pri:0, instance:automate.test1@37654521]" started-at="2023-01-09T18:52:07 IST" name="entertext" finished-at="2023-01-09T18:53:01 IST" duration-ms="53883" status="PASS">
          <reporter-output>
          </reporter-output>
        </test-method> <!-- entertext -->
        <test-method is-config="true" signature="closebrowser()[pri:0, instance:automate.test1@37654521]" started-at="2023-01-09T18:53:01 IST" name="closebrowser" finished-at="2023-01-09T18:53:01 IST" duration-ms="1" status="PASS">
          <reporter-output>
          </reporter-output>
        </test-method> <!-- closebrowser -->
        <test-method is-config="true" signature="deletecachecookiesanything()[pri:0, instance:automate.test1@37654521]" started-at="2023-01-09T18:53:01 IST" name="deletecachecookiesanything" finished-at="2023-01-09T18:53:01 IST" duration-ms="1" status="PASS">
          <reporter-output>
          </reporter-output>
        </test-method> <!-- deletecachecookiesanything -->
      </class> <!-- automate.test1 -->
    </test> <!-- Default test -->
  </suite> <!-- Default suite -->
</testng-results>
